[    0.000000] Initializing cgroup subsys cpuset
[    0.000000] Initializing cgroup subsys cpu
[    0.000000] Initializing cgroup subsys cpuacct
[    0.000000] Linux version 4.4.0-210-generic (buildd@lgw01-amd64-009) (gcc version 5.4.0 20160609 (Ubuntu 5.4.0-6ubuntu1~16.04.12) ) #242-Ubuntu SMP Fri Apr 16 09:57:56 UTC 2021 (Ubuntu 4.4.0-210.242-generic 4.4.262)
[    0.000000] Command line: BOOT_IMAGE=/boot/vmlinuz-4.4.0-210-generic root=LABEL=cloudimg-rootfs ro console=tty1 console=ttyS0
[    0.000000] KERNEL supported cpus:
[    0.000000]   Intel GenuineIntel
[    0.000000]   AMD AuthenticAMD
[    0.000000]   Centaur CentaurHauls
[    0.000000] x86/fpu: xstate_offset[2]:  576, xstate_sizes[2]:  256
[    0.000000] x86/fpu: Supporting XSAVE feature 0x01: 'x87 floating point registers'
[    0.000000] x86/fpu: Supporting XSAVE feature 0x02: 'SSE registers'
[    0.000000] x86/fpu: Supporting XSAVE feature 0x04: 'AVX registers'
[    0.000000] x86/fpu: Enabled xstate features 0x7, context size is 832 bytes, using 'standard' format.
[    0.000000] e820: BIOS-provided physical RAM map:
[    0.000000] BIOS-e820: [mem 0x0000000000000000-0x000000000009fbff] usable
[    0.000000] BIOS-e820: [mem 0x000000000009fc00-0x000000000009ffff] reserved
[    0.000000] BIOS-e820: [mem 0x00000000000f0000-0x00000000000fffff] reserved
[    0.000000] BIOS-e820: [mem 0x0000000000100000-0x000000003ffeffff] usable
[    0.000000] BIOS-e820: [mem 0x000000003fff0000-0x000000003fffffff] ACPI data
[    0.000000] BIOS-e820: [mem 0x00000000fec00000-0x00000000fec00fff] reserved
[    0.000000] BIOS-e820: [mem 0x00000000fee00000-0x00000000fee00fff] reserved
[    0.000000] BIOS-e820: [mem 0x00000000fffc0000-0x00000000ffffffff] reserved
[    0.000000] NX (Execute Disable) protection: active
[    0.000000] SMBIOS 2.5 present.
[    0.000000] Hypervisor detected: KVM
[    0.000000] e820: last_pfn = 0x3fff0 max_arch_pfn = 0x400000000
[    0.000000] MTRR: Disabled
[    0.000000] x86/PAT: MTRRs disabled, skipping PAT initialization too.
[    0.000000] CPU MTRRs all blank - virtualized system.
[    0.000000] x86/PAT: Configuration [0-7]: WB  WT  UC- UC  WB  WT  UC- UC  
[    0.000000] found SMP MP-table at [mem 0x0009fff0-0x0009ffff] mapped at [ffff88000009fff0]
[    0.000000] Scanning 1 areas for low memory corruption
[    0.000000] RAMDISK: [mem 0x362dc000-0x37165fff]
[    0.000000] ACPI: Early table checksum verification disabled
[    0.000000] ACPI: RSDP 0x00000000000E0000 000024 (v02 VBOX  )
[    0.000000] ACPI: XSDT 0x000000003FFF0030 00003C (v01 VBOX   VBOXXSDT 00000001 ASL  00000061)
[    0.000000] ACPI: FACP 0x000000003FFF00F0 0000F4 (v04 VBOX   VBOXFACP 00000001 ASL  00000061)
[    0.000000] ACPI: DSDT 0x000000003FFF0470 002325 (v02 VBOX   VBOXBIOS 00000002 INTL 20190509)
[    0.000000] ACPI: FACS 0x000000003FFF0200 000040
[    0.000000] ACPI: FACS 0x000000003FFF0200 000040
[    0.000000] ACPI: APIC 0x000000003FFF0240 00005C (v02 VBOX   VBOXAPIC 00000001 ASL  00000061)
[    0.000000] ACPI: SSDT 0x000000003FFF02A0 0001CC (v01 VBOX   VBOXCPUT 00000002 INTL 20190509)
[    0.000000] No NUMA configuration found
[    0.000000] Faking a node at [mem 0x0000000000000000-0x000000003ffeffff]
[    0.000000] NODE_DATA(0) allocated [mem 0x3ffeb000-0x3ffeffff]
[    0.000000] kvm-clock: Using msrs 4b564d01 and 4b564d00
[    0.000000] kvm-clock: cpu 0, msr 0:3ffe3001, primary cpu clock
[    0.000000] kvm-clock: using sched offset of 3689381481 cycles
[    0.000000] clocksource: kvm-clock: mask: 0xffffffffffffffff max_cycles: 0x1cd42e4dffb, max_idle_ns: 881590591483 ns
[    0.000000] Zone ranges:
[    0.000000]   DMA      [mem 0x0000000000001000-0x0000000000ffffff]
[    0.000000]   DMA32    [mem 0x0000000001000000-0x000000003ffeffff]
[    0.000000]   Normal   empty
[    0.000000]   Device   empty
[    0.000000] Movable zone start for each node
[    0.000000] Early memory node ranges
[    0.000000]   node   0: [mem 0x0000000000001000-0x000000000009efff]
[    0.000000]   node   0: [mem 0x0000000000100000-0x000000003ffeffff]
[    0.000000] Initmem setup node 0 [mem 0x0000000000001000-0x000000003ffeffff]
[    0.000000] ACPI: PM-Timer IO Port: 0x4008
[    0.000000] IOAPIC[0]: apic_id 2, version 32, address 0xfec00000, GSI 0-23
[    0.000000] ACPI: INT_SRC_OVR (bus 0 bus_irq 0 global_irq 2 dfl dfl)
[    0.000000] ACPI: INT_SRC_OVR (bus 0 bus_irq 9 global_irq 9 low level)
[    0.000000] Using ACPI (MADT) for SMP configuration information
[    0.000000] smpboot: Allowing 2 CPUs, 0 hotplug CPUs
[    0.000000] PM: Registered nosave memory: [mem 0x00000000-0x00000fff]
[    0.000000] PM: Registered nosave memory: [mem 0x0009f000-0x0009ffff]
[    0.000000] PM: Registered nosave memory: [mem 0x000a0000-0x000effff]
[    0.000000] PM: Registered nosave memory: [mem 0x000f0000-0x000fffff]
[    0.000000] e820: [mem 0x40000000-0xfebfffff] available for PCI devices
[    0.000000] Booting paravirtualized kernel on KVM
[    0.000000] clocksource: refined-jiffies: mask: 0xffffffff max_cycles: 0xffffffff, max_idle_ns: 7645519600211568 ns
[    0.000000] setup_percpu: NR_CPUS:512 nr_cpumask_bits:512 nr_cpu_ids:2 nr_node_ids:1
[    0.000000] PERCPU: Embedded 33 pages/cpu @ffff88003fc00000 s95192 r8192 d31784 u1048576
[    0.000000] Built 1 zonelists in Node order, mobility grouping on.  Total pages: 257912
[    0.000000] Policy zone: DMA32
[    0.000000] Kernel command line: BOOT_IMAGE=/boot/vmlinuz-4.4.0-210-generic root=LABEL=cloudimg-rootfs ro console=tty1 console=ttyS0
[    0.000000] PID hash table entries: 4096 (order: 3, 32768 bytes)
[    0.000000] Memory: 997792K/1048120K available (8644K kernel code, 1332K rwdata, 4044K rodata, 1492K init, 1164K bss, 50328K reserved, 0K cma-reserved)
[    0.000000] SLUB: HWalign=64, Order=0-3, MinObjects=0, CPUs=2, Nodes=1
[    0.000000] Kernel/User page tables isolation: enabled
[    0.000000] Hierarchical RCU implementation.
[    0.000000] 	Build-time adjustment of leaf fanout to 64.
[    0.000000] 	RCU restricting CPUs from NR_CPUS=512 to nr_cpu_ids=2.
[    0.000000] RCU: Adjusting geometry for rcu_fanout_leaf=64, nr_cpu_ids=2
[    0.000000] NR_IRQS:33024 nr_irqs:440 16
[    0.000000] Console: colour VGA+ 80x25
[    0.000000] console [tty1] enabled
[    0.000000] console [ttyS0] enabled
[    0.000000] tsc: Detected 2111.998 MHz processor
[    0.264565] Calibrating delay loop (skipped) preset value.. 4223.99 BogoMIPS (lpj=8447992)
[    0.267899] pid_max: default: 32768 minimum: 301
[    0.269735] ACPI: Core revision 20150930
[    0.272977] ACPI: 2 ACPI AML tables successfully acquired and loaded
[    0.275510] Security Framework initialized
[    0.277126] Yama: becoming mindful.
[    0.278810] AppArmor: AppArmor initialized
[    0.281101] Dentry cache hash table entries: 131072 (order: 8, 1048576 bytes)
[    0.285067] Inode-cache hash table entries: 65536 (order: 7, 524288 bytes)
[    0.288471] Mount-cache hash table entries: 2048 (order: 2, 16384 bytes)
[    0.290811] Mountpoint-cache hash table entries: 2048 (order: 2, 16384 bytes)
[    0.293662] Initializing cgroup subsys io
[    0.295282] Initializing cgroup subsys memory
[    0.297066] Initializing cgroup subsys devices
[    0.298786] Initializing cgroup subsys freezer
[    0.300590] Initializing cgroup subsys net_cls
[    0.302422] Initializing cgroup subsys perf_event
[    0.304317] Initializing cgroup subsys net_prio
[    0.306063] Initializing cgroup subsys hugetlb
[    0.307852] Initializing cgroup subsys pids
[    0.311452] mce: CPU supports 0 MCE banks
[    0.314317] Last level iTLB entries: 4KB 64, 2MB 8, 4MB 8
[    0.316406] Last level dTLB entries: 4KB 64, 2MB 0, 4MB 0, 1GB 4
[    0.318628] Spectre V1 : Mitigation: usercopy/swapgs barriers and __user pointer sanitization
[    0.322064] Spectre V2 : Mitigation: Full generic retpoline
[    0.324151] Spectre V2 : Spectre v2 / SpectreRSB mitigation: Filling RSB on context switch
[    0.327326] Speculative Store Bypass: Vulnerable
[    0.329100] SRBDS: Unknown: Dependent on hypervisor status
[    0.331300] MDS: Mitigation: Clear CPU buffers
[    0.338542] Freeing SMP alternatives memory: 36K
[    0.352327] ftrace: allocating 32380 entries in 127 pages
[    0.473124] smpboot: APIC(0) Converting physical 0 to logical package 0
[    0.475524] smpboot: Max logical packages: 1
[    0.477675] x2apic enabled
[    0.479396] Switched APIC routing to physical x2apic.
[    0.483420] ..TIMER: vector=0x30 apic1=0 pin1=2 apic2=-1 pin2=-1
[    0.593849] smpboot: CPU0: Intel(R) Core(TM) i5-10210U CPU @ 1.60GHz (family: 0x6, model: 0x8e, stepping: 0xc)
[    0.598141] Performance Events: unsupported p6 CPU model 142 no PMU driver, software events only.
[    0.623207] KVM setup paravirtual spinlock
[    0.626103] x86: Booting SMP configuration:
[    0.627736] .... node  #0, CPUs:      #1
[    0.629431] kvm-clock: cpu 1, msr 0:3ffe3041, secondary cpu clock
[    0.634072] mce: CPU supports 0 MCE banks
[    0.637075] x86: Booted up 1 node, 2 CPUs
[    0.639129] smpboot: Total of 2 processors activated (8447.99 BogoMIPS)
[    0.642212] devtmpfs: initialized
[    0.647402] evm: security.selinux
[    0.648908] evm: security.SMACK64
[    0.650375] evm: security.SMACK64EXEC
[    0.651890] evm: security.SMACK64TRANSMUTE
[    0.653640] evm: security.SMACK64MMAP
[    0.655189] evm: security.ima
[    0.656482] evm: security.capability
[    0.658323] clocksource: jiffies: mask: 0xffffffff max_cycles: 0xffffffff, max_idle_ns: 7645041785100000 ns
[    0.661906] futex hash table entries: 512 (order: 3, 32768 bytes)
[    0.664350] pinctrl core: initialized pinctrl subsystem
[    0.666526] RTC time: 19:40:52, date: 12/10/21
[    0.668513] NET: Registered protocol family 16
[    0.681549] cpuidle: using governor ladder
[    0.693689] cpuidle: using governor menu
[    0.698670] PCCT header not found.
[    0.701466] ACPI: bus type PCI registered
[    0.704626] acpiphp: ACPI Hot Plug PCI Controller Driver version: 0.5
[    0.707748] PCI: Using configuration type 1 for base access
[    0.722374] ACPI: Added _OSI(Module Device)
[    0.724083] ACPI: Added _OSI(Processor Device)
[    0.725838] ACPI: Added _OSI(3.0 _SCP Extensions)
[    0.727654] ACPI: Added _OSI(Processor Aggregator Device)
[    0.730955] ACPI: Executed 1 blocks of module-level executable AML code
[    0.737280] ACPI: Interpreter enabled
[    0.738811] ACPI: (supports S0 S5)
[    0.740263] ACPI: Using IOAPIC for interrupt routing
[    0.742466] PCI: Using host bridge windows from ACPI; if necessary, use "pci=nocrs" and report a bug
[    0.752276] ACPI: PCI Root Bridge [PCI0] (domain 0000 [bus 00-ff])
[    0.754740] acpi PNP0A03:00: _OSC: OS supports [ASPM ClockPM Segments MSI]
[    0.757822] acpi PNP0A03:00: _OSC: not requesting OS control; OS requires [ExtendedConfig ASPM ClockPM MSI]
[    0.763009] acpi PNP0A03:00: fail to add MMCONFIG information, can't access extended PCI configuration space under this bridge.
[    0.767699] PCI host bridge to bus 0000:00
[    0.769391] pci_bus 0000:00: root bus resource [io  0x0000-0x0cf7 window]
[    0.771811] pci_bus 0000:00: root bus resource [io  0x0d00-0xffff window]
[    0.774227] pci_bus 0000:00: root bus resource [mem 0x000a0000-0x000bffff window]
[    0.777275] pci_bus 0000:00: root bus resource [mem 0x40000000-0xfdffffff window]
[    0.780235] pci_bus 0000:00: root bus resource [bus 00-ff]
[    0.785257] pci 0000:00:01.1: legacy IDE quirk: reg 0x10: [io  0x01f0-0x01f7]
[    0.787726] pci 0000:00:01.1: legacy IDE quirk: reg 0x14: [io  0x03f6]
[    0.790244] pci 0000:00:01.1: legacy IDE quirk: reg 0x18: [io  0x0170-0x0177]
[    0.811815] pci 0000:00:01.1: legacy IDE quirk: reg 0x1c: [io  0x0376]
[    0.836003] pci 0000:00:07.0: quirk: [io  0x4000-0x403f] claimed by PIIX4 ACPI
[    0.839138] pci 0000:00:07.0: quirk: [io  0x4100-0x410f] claimed by PIIX4 SMB
[    0.855565] ACPI: PCI Interrupt Link [LNKA] (IRQs 5 9 10 *11)
[    0.859022] ACPI: PCI Interrupt Link [LNKB] (IRQs 5 9 *10 11)
[    0.862100] ACPI: PCI Interrupt Link [LNKC] (IRQs 5 *9 10 11)
[    0.865315] ACPI: PCI Interrupt Link [LNKD] (IRQs 5 9 10 *11)
[    0.868519] ACPI: Enabled 2 GPEs in block 00 to 07
[    0.871607] vgaarb: setting as boot device: PCI:0000:00:02.0
[    0.873698] vgaarb: device added: PCI:0000:00:02.0,decodes=io+mem,owns=io+mem,locks=none
[    0.876892] vgaarb: loaded
[    0.878211] vgaarb: bridge control possible 0000:00:02.0
[    0.880721] SCSI subsystem initialized
[    0.882573] ACPI: bus type USB registered
[    0.884252] usbcore: registered new interface driver usbfs
[    0.886437] usbcore: registered new interface driver hub
[    0.888786] usbcore: registered new device driver usb
[    0.892314] PCI: Using ACPI for IRQ routing
[    0.894611] NetLabel: Initializing
[    0.896060] NetLabel:  domain hash size = 128
[    0.897844] NetLabel:  protocols = UNLABELED CIPSOv4
[    0.899779] NetLabel:  unlabeled traffic allowed by default
[    0.902167] amd_nb: Cannot enumerate AMD northbridges
[    0.904275] clocksource: Switched to clocksource kvm-clock
[    0.918401] AppArmor: AppArmor Filesystem Enabled
[    0.922500] pnp: PnP ACPI init
[    0.925676] pnp: PnP ACPI: found 3 devices
[    0.940742] clocksource: acpi_pm: mask: 0xffffff max_cycles: 0xffffff, max_idle_ns: 2085701024 ns
[    0.944693] NET: Registered protocol family 2
[    0.946935] TCP established hash table entries: 8192 (order: 4, 65536 bytes)
[    0.949821] TCP bind hash table entries: 8192 (order: 5, 131072 bytes)
[    0.952571] TCP: Hash tables configured (established 8192 bind 8192)
[    0.955317] UDP hash table entries: 512 (order: 2, 16384 bytes)
[    0.957798] UDP-Lite hash table entries: 512 (order: 2, 16384 bytes)
[    0.960305] NET: Registered protocol family 1
[    0.962232] pci 0000:00:00.0: Limiting direct PCI/PCI transfers
[    0.964940] pci 0000:00:01.0: Activating ISA DMA hang workarounds
[    0.967506] Unpacking initramfs...
[    1.398861] Freeing initrd memory: 14888K
[    1.402364] clocksource: tsc: mask: 0xffffffffffffffff max_cycles: 0x1e71768ef8b, max_idle_ns: 440795218977 ns
[    1.406332] platform rtc_cmos: registered platform RTC device (no PNP device found)
[    1.409369] Scanning for low memory corruption every 60 seconds
[    1.412255] audit: initializing netlink subsys (disabled)
[    1.414383] audit: type=2000 audit(1639165257.827:1): initialized
[    1.417094] Initialise system trusted keyring
[    1.419151] HugeTLB registered 2 MB page size, pre-allocated 0 pages
[    1.423833] zbud: loaded
[    1.425795] VFS: Disk quotas dquot_6.6.0
[    1.427433] VFS: Dquot-cache hash table entries: 512 (order 0, 4096 bytes)
[    1.430318] squashfs: version 4.0 (2009/01/31) Phillip Lougher
[    1.433024] fuse init (API version 7.23)
[    1.434826] Key type big_key registered
[    1.436428] Allocating IMA MOK and blacklist keyrings.
[    1.439942] Key type asymmetric registered
[    1.441642] Asymmetric key parser 'x509' registered
[    1.443546] Block layer SCSI generic (bsg) driver version 0.4 loaded (major 249)
[    1.446629] io scheduler noop registered
[    1.448196] io scheduler deadline registered (default)
[    1.450277] io scheduler cfq registered
[    1.452029] pci_hotplug: PCI Hot Plug PCI Core version: 0.5
[    1.454218] pciehp: PCI Express Hot Plug Controller Driver version: 0.4
[    1.456838] ACPI: AC Adapter [AC] (on-line)
[    1.458584] input: Power Button as /devices/LNXSYSTM:00/LNXPWRBN:00/input/input0
[    1.461582] ACPI: Power Button [PWRF]
[    1.463208] input: Sleep Button as /devices/LNXSYSTM:00/LNXSLPBN:00/input/input1
[    1.466231] ACPI: Sleep Button [SLPF]
[    1.469016] GHES: HEST is not enabled!
[    1.470955] ACPI: Battery Slot [BAT0] (battery present)
[    1.473172] Serial: 8250/16550 driver, 32 ports, IRQ sharing enabled
[    1.496712] 00:02: ttyS0 at I/O 0x3f8 (irq = 4, base_baud = 115200) is a 16550A
[    1.501643] Linux agpgart interface v0.103
[    1.506109] loop: module loaded
[    1.508484] scsi host0: ata_piix
[    1.510126] scsi host1: ata_piix
[    1.511558] ata1: PATA max UDMA/33 cmd 0x1f0 ctl 0x3f6 bmdma 0xd000 irq 14
[    1.514048] ata2: PATA max UDMA/33 cmd 0x170 ctl 0x376 bmdma 0xd008 irq 15
[    1.516731] libphy: Fixed MDIO Bus: probed
[    1.518454] tun: Universal TUN/TAP device driver, 1.6
[    1.520326] tun: (C) 1999-2004 Max Krasnyansky <maxk@qualcomm.com>
[    1.522715] PPP generic driver version 2.4.2
[    1.524483] ehci_hcd: USB 2.0 'Enhanced' Host Controller (EHCI) Driver
[    1.526919] ehci-pci: EHCI PCI platform driver
[    1.528674] ehci-platform: EHCI generic platform driver
[    1.530697] ohci_hcd: USB 1.1 'Open' Host Controller (OHCI) Driver
[    1.532898] ohci-pci: OHCI PCI platform driver
[    1.534692] ohci-platform: OHCI generic platform driver
[    1.536673] uhci_hcd: USB Universal Host Controller Interface driver
[    1.539202] i8042: PNP: PS/2 Controller [PNP0303:PS2K,PNP0f03:PS2M] at 0x60,0x64 irq 1,12
[    1.544270] serio: i8042 KBD port at 0x60,0x64 irq 1
[    1.546785] serio: i8042 AUX port at 0x60,0x64 irq 12
[    1.548972] mousedev: PS/2 mouse device common for all mice
[    1.551934] input: AT Translated Set 2 keyboard as /devices/platform/i8042/serio0/input/input2
[    1.555609] rtc_cmos rtc_cmos: rtc core: registered rtc_cmos as rtc0
[    1.558039] rtc_cmos rtc_cmos: alarms up to one day, 114 bytes nvram
[    1.560390] i2c /dev entries driver
[    1.561946] device-mapper: uevent: version 1.0.3
[    1.563929] device-mapper: ioctl: 4.34.0-ioctl (2015-10-28) initialised: dm-devel@redhat.com
[    1.567283] ledtrig-cpu: registered to indicate activity on CPUs
[    1.570210] NET: Registered protocol family 10
[    1.572247] NET: Registered protocol family 17
[    1.574065] Key type dns_resolver registered
[    1.576596] registered taskstats version 1
[    1.578245] Loading compiled-in X.509 certificates
[    1.581195] Loaded X.509 cert 'Build time autogenerated kernel key: cf00e047681d67edb2720680708b7d9498083038'
[    1.584978] zswap: loaded using pool lzo/zbud
[    1.589942] Key type trusted registered
[    1.596857] Key type encrypted registered
[    1.598475] AppArmor: AppArmor sha1 policy hashing enabled
[    1.600527] ima: No TPM chip found, activating TPM-bypass!
[    1.602561] ima: Allocated hash algorithm: sha1
[    1.604378] evm: HMAC attrs: 0x1
[    1.606292]   Magic number: 1:936:697
[    1.607928] rtc_cmos rtc_cmos: setting system clock to 2021-12-10 19:40:53 UTC (1639165253)
[    1.611430] BIOS EDD facility v0.16 2004-Jun-25, 0 devices found
[    1.614188] EDD information not available.
[    1.704177] Freeing unused kernel memory: 1492K
[    1.706213] Write protecting the kernel read-only data: 14336k
[    1.709210] Freeing unused kernel memory: 1584K
[    1.711251] Freeing unused kernel memory: 52K
Loading, please wait...
starting version 229
[    1.737629] random: systemd-udevd: uninitialized urandom read (16 bytes read, 3 bits of entropy available)
[    1.739395] random: udevadm: uninitialized urandom read (16 bytes read, 3 bits of entropy available)
[    1.739440] random: udevadm: uninitialized urandom read (16 bytes read, 3 bits of entropy available)
[    1.748376] random: systemd-udevd: uninitialized urandom read (16 bytes read, 3 bits of entropy available)
[    1.752019] random: systemd-udevd: uninitialized urandom read (16 bytes read, 3 bits of entropy available)
[    1.755703] random: systemd-udevd: uninitialized urandom read (16 bytes read, 3 bits of entropy available)
[    1.760737] random: systemd-udevd: uninitialized urandom read (16 bytes read, 3 bits of entropy available)
[    1.761502] random: udevadm: uninitialized urandom read (16 bytes read, 3 bits of entropy available)
[    1.761621] random: udevadm: uninitialized urandom read (16 bytes read, 3 bits of entropy available)
[    1.762022] random: udevadm: uninitialized urandom read (16 bytes read, 3 bits of entropy available)
[    1.830909] e1000: Intel(R) PRO/1000 Network Driver - version 7.3.21-k8-NAPI
[    1.833589] e1000: Copyright (c) 1999-2006 Intel Corporation.
[    1.847155] Fusion MPT base driver 3.04.20
[    1.848993] Copyright (c) 1999-2008 LSI Corporation
[    1.892147] Fusion MPT SPI Host driver 3.04.20
[    1.901545] AVX2 version of gcm_enc/dec engaged.
[    1.903528] AES CTR mode by8 optimization enabled
[    2.078174] input: ImExPS/2 Generic Explorer Mouse as /devices/platform/i8042/serio1/input/input4
[    2.321930] e1000 0000:00:03.0 eth0: (PCI:33MHz:32-bit) 02:be:82:6b:cc:1d
[    2.324492] e1000 0000:00:03.0 eth0: Intel(R) PRO/1000 Network Connection
[    2.739941] e1000 0000:00:08.0 eth1: (PCI:33MHz:32-bit) 08:00:27:66:ae:6d
[    2.742616] e1000 0000:00:08.0 eth1: Intel(R) PRO/1000 Network Connection
[    2.747828] e1000 0000:00:03.0 enp0s3: renamed from eth0
[    2.750214] mptbase: ioc0: Initiating bringup
[    2.768863] e1000 0000:00:08.0 enp0s8: renamed from eth1
[    2.817040] ioc0: LSI53C1030 A0: Capabilities={Initiator}
[    2.988300] scsi host2: ioc0: LSI53C1030 A0, FwRev=00000000h, Ports=1, MaxQ=256, IRQ=20
[    3.105333] scsi 2:0:0:0: Direct-Access     VBOX     HARDDISK         1.0  PQ: 0 ANSI: 5
[    3.110932] scsi target2:0:0: Beginning Domain Validation
[    3.117941] scsi target2:0:0: Domain Validation skipping write tests
[    3.121879] scsi target2:0:0: Ending Domain Validation
[    3.125146] scsi target2:0:0: asynchronous
[    3.129015] scsi 2:0:1:0: Direct-Access     VBOX     HARDDISK         1.0  PQ: 0 ANSI: 5
[    3.156280] scsi target2:0:1: Beginning Domain Validation
[    3.161082] scsi target2:0:1: Domain Validation skipping write tests
[    3.163730] scsi target2:0:1: Ending Domain Validation
[    3.166014] scsi target2:0:1: asynchronous
[    3.177042] sd 2:0:0:0: [sda] 83886080 512-byte logical blocks: (42.9 GB/40.0 GiB)
[    3.180861] sd 2:0:0:0: [sda] Write Protect is off
[    3.183222] sd 2:0:0:0: Attached scsi generic sg0 type 0
[    3.185632] sd 2:0:0:0: [sda] Incomplete mode parameter data
[    3.187921] sd 2:0:0:0: [sda] Assuming drive cache: write through
[    3.191135] sd 2:0:1:0: [sdb] 20480 512-byte logical blocks: (10.5 MB/10.0 MiB)
[    3.195879] sd 2:0:1:0: Attached scsi generic sg1 type 0
[    3.198697] sd 2:0:1:0: [sdb] Write Protect is off
[    3.201599] sd 2:0:1:0: [sdb] Incomplete mode parameter data
[    3.204072] sd 2:0:1:0: [sdb] Assuming drive cache: write through
[    3.204502]  sda: sda1
[    3.205435] sd 2:0:0:0: [sda] Attached SCSI disk
[    3.214067] sd 2:0:1:0: [sdb] Attached SCSI disk
Begin: Loading essential drivers ... [    4.853176] md: linear personality registered for level -1
[    4.859809] md: multipath personality registered for level -4
[    4.866386] md: raid0 personality registered for level 0
[    4.874717] md: raid1 personality registered for level 1
[    4.948310] raid6: sse2x1   gen()  4651 MB/s
[    5.016304] raid6: sse2x1   xor()  3290 MB/s
[    5.084336] raid6: sse2x2   gen()  6048 MB/s
[    5.152311] raid6: sse2x2   xor()  4559 MB/s
[    5.220298] raid6: sse2x4   gen()  6721 MB/s
[    5.288324] raid6: sse2x4   xor()  4566 MB/s
[    5.356323] raid6: avx2x1   gen()  9532 MB/s
[    5.424305] raid6: avx2x2   gen()  9795 MB/s
[    5.492298] raid6: avx2x4   gen() 10921 MB/s
[    5.494212] raid6: using algorithm avx2x4 gen() 10921 MB/s
[    5.496262] raid6: using avx2x2 recovery algorithm
[    5.500441] xor: automatically using best checksumming function:
[    5.576622]    avx       : 41047.000 MB/sec
[    5.580893] async_tx: api initialized (async)
[    5.599948] md: raid6 personality registered for level 6
[    5.602151] md: raid5 personality registered for level 5
[    5.604159] md: raid4 personality registered for level 4
[    5.617898] md: raid10 personality registered for level 10
done.
Begin: Running /scripts/init-premount ... done.
Begin: Mounting root file system ... Begin: Running /scripts/local-top ... done.
Begin: Running /scripts/local-premount ... [    5.675424] Btrfs loaded
Scanning for Btrfs filesystems
done.
Warning: fsck not present, so skipping root file system
[    5.727052] EXT4-fs (sda1): mounted filesystem with ordered data mode. Opts: (null)
done.
Begin: Running /scripts/local-bottom ... done.
Begin: Running /scripts/init-bottom ... done.
[    5.853820] systemd[1]: systemd 229 running in system mode. (+PAM +AUDIT +SELINUX +IMA +APPARMOR +SMACK +SYSVINIT +UTMP +LIBCRYPTSETUP +GCRYPT +GNUTLS +ACL +XZ -LZ4 +SECCOMP +BLKID +ELFUTILS +KMOD -IDN)
[    5.860780] systemd[1]: Detected virtualization oracle.
[    5.863049] systemd[1]: Detected architecture x86-64.

Welcome to [1mUbuntu 16.04.7 LTS[0m!

[    5.868428] systemd[1]: Set hostname to <ubuntu>.
[    5.872417] systemd[1]: Initializing machine ID from random generator.
[    5.875160] systemd[1]: Installed transient /etc/machine-id file.
[    6.059541] systemd[1]: Started Trigger resolvconf update for networkd DNS.
[[0;32m  OK  [0m] Started Trigger resolvconf update for networkd DNS.
[    6.064672] systemd[1]: Set up automount Arbitrary Executable File Formats File System Automount Point.
[[0;32m  OK  [0m] Set up automount Arbitrary Executab...ats File System Automount Point.
[    6.071245] systemd[1]: Listening on Journal Audit Socket.
[[0;32m  OK  [0m] Listening on Journal Audit Socket.
[    6.075111] systemd[1]: Reached target Encrypted Volumes.
[[0;32m  OK  [0m] Reached target Encrypted Volumes.
[    6.078905] systemd[1]: Reached target Swap.
[[0;32m  OK  [0m] Reached target Swap.
[    6.082195] systemd[1]: Started Forward Password Requests to Wall Directory Watch.
[[0;32m  OK  [0m] Started Forward Password Requests to Wall Directory Watch.
[    6.087613] systemd[1]: Listening on LVM2 poll daemon socket.
[[0;32m  OK  [0m] Listening on LVM2 poll daemon socket.
[    6.091560] systemd[1]: Reached target User and Group Name Lookups.
[[0;32m  OK  [0m] Reached target User and Group Name Lookups.
[    6.095940] systemd[1]: Listening on Journal Socket.
[[0;32m  OK  [0m] Listening on Journal Socket.
[    6.099606] systemd[1]: Listening on Journal Socket (/dev/log).
[[0;32m  OK  [0m] Listening on Journal Socket (/dev/log).
[    6.103769] systemd[1]: Listening on udev Kernel Socket.
[[0;32m  OK  [0m] Listening on udev Kernel Socket.
[    6.107589] systemd[1]: Listening on udev Control Socket.
[[0;32m  OK  [0m] Listening on udev Control Socket.
[    6.116660] systemd[1]: Listening on /dev/initctl Compatibility Named Pipe.
[[0;32m  OK  [0m] Listening on /dev/initctl Compatibility Named Pipe.
[    6.121157] systemd[1]: Listening on LVM2 metadata daemon socket.
[[0;32m  OK  [0m] Listening on LVM2 metadata daemon socket.
[    6.125229] systemd[1]: Listening on Syslog Socket.
[[0;32m  OK  [0m] Listening on Syslog Socket.
[    6.129057] systemd[1]: Created slice System Slice.
[[0;32m  OK  [0m] Created slice System Slice.
[    6.144526] systemd[1]: Starting Nameserver information manager...
         Starting Nameserver information manager...
[    6.150636] systemd[1]: Created slice system-serial\x2dgetty.slice.
[[0;32m  OK  [0m] Created slice system-serial\x2dgetty.slice.
[    6.157822] systemd[1]: Starting Set console keymap...
         Starting Set console keymap...
[    6.163414] systemd[1]: Starting Uncomplicated firewall...
         Starting Uncomplicated firewall...
[    6.170462] systemd[1]: Starting Create list of required static device nodes for the current kernel...
         Starting Create list of required st... nodes for the current kernel...
[    6.180446] systemd[1]: Mounting POSIX Message Queue File System...
         Mounting POSIX Message Queue File System...
[    6.191853] systemd[1]: Starting Load Kernel Modules...
         Starting Load Kernel Modules...
[    6.199318] systemd[1]: Mounting Huge Pages File System...
         Mounting Huge Pages File System...
[    6.206240] systemd[1]: Mounting Debug File System...
         Mounting Debug File System...
[    6.213609] systemd[1]: Listening on fsck to fsckd communication Socket.
[[0;32m  OK  [0m] Listening on fsck to fsckd communication Socket.
[    6.220156] Loading iSCSI transport class v2.0-870.
[    6.220185] systemd[1]: Starting File System Check on Root Device...
         Starting File System Check on Root Device...
[    6.227133] systemd[1]: Listening on Device-mapper event daemon FIFOs.
[[0;32m  OK  [0m] Listening on Device-mapper event daemon FIFOs.
[    6.232558] systemd[1]: Starting Monitoring of LVM2 mirrors, snapshots etc. using dmeventd or progress polling...
         Starting Monitoring of LVM2 mirrors... dmeventd or progress polling...
[    6.241021] systemd[1]: Created slice User and Session Slice.
[[0;32m  OK  [0m] Created slice User and Session Slice.
[    6.250133] systemd[1]: Reached target Slices.
[[0;32m  OK  [0m] Reached target Slices.
[    6.253375] systemd[1]: Reached target System Time Synchronized.
[[0;32m  OK  [0m] Reached target System Time Synchronized.
[    6.258765] systemd[1]: Starting Journal Service...
         Starting Journal Service...
[    6.267530] systemd[1]: Mounted Huge Pages File System.
[[0;32m  OK  [0m] Mounted Huge Pages File System.
[    6.271289] systemd[1]: Mounted POSIX Message Queue File System.
[    6.273392] iscsi: registered transport (tcp)
[[0;32m  OK  [0m] Mounted POSIX Message Queue File System.
[    6.278397] systemd[1]: Mounted Debug File System.
[[0;32m  OK  [0m] Mounted Debug File System.
[    6.299156] systemd[1]: Started Uncomplicated firewall.
[[0;32m  OK  [0m] Started Uncomplicated firewall.
[    6.309217] systemd[1]: Started Create list of required static device nodes for the current kernel.
[[0;32m  OK  [0m] Started Create list of required sta...ce nodes for the current kernel.
[    6.321095] systemd[1]: Started File System Check on Root Device.
[[0;32m  OK  [0m] Started File System Check on Root Device.
[    6.329553] systemd[1]: Started Nameserver information manager.
[[0;32m  OK  [0m] Started Nameserver information manager.
[    6.339068] systemd[1]: Started Journal Service.
[[0;32m  OK  [0m] Started Journal Service.
[[0;32m  OK  [0m] Started Set console keymap.
[[0;32m  OK  [0[    6.365259] iscsi: registered transport (iser)
m] Started File System Check Daemon to report status.
[[0;32m  OK  [0m] Started LVM2 metadata daemon.
         Starting Remount Root and Kernel File Systems...
         Starting Create Static Device Nodes in /dev...
[[0;32m  OK  [0m] Started Load Kernel Modules.
[    6.387947] EXT4-fs (sda1): re-mounted. Opts: (null)
[[0;32m  OK  [0m] Started Remount Root and Kernel File Systems.
         Starting udev Coldplug all Devices...
         Starting Load/Save Random Seed...
         Starting Flush Journal to Persistent Storage...
         Mounting FUSE Control File System...
         Starting Apply Kernel Variables...
[[0;32m  OK  [0m] Started Create Static Device Nodes in /dev.
[[0;32m  OK  [0m] Started Load/Save Random Seed.
[[0;32m  OK  [0m] Mounted FUSE Control File System.
[[0;32m  OK  [0m] Started Apply Kernel Variables.
         Starting udev Kernel Device Manager...
[[0;32m  OK  [0m] Started Flush Journal to Persistent Storage.
[[0;32m  OK  [0m] Started Monitoring of LVM2 mirrors,...ng dmeventd or progress polling.
[[0;32m  OK  [0m] Started udev Kernel Device Manager.
[[0;32m  OK  [0m] Reached target Local File Systems (Pre).
[[0;32m  OK  [0m] Reached target Local File Systems.
         Starting Create Volatile Files and Directories...
         Starting Tell Plymouth To Write Out Runtime Data...
         Starting Commit a transient machine-id on disk...
         Starting LSB: AppArmor initialization...
         Starting Initial cloud-init job (pre-networking)...
         Starting Set console font and keymap...
[[0;32m  OK  [0m] Started udev Coldplug all Devices.
[[0;32m  OK  [0m] Started Dispatch Password Requests to Console Directory Watch.
[[0;32m  OK  [0m] Started Tell Plymouth To Write Out Runtime Data.
[[0;32m  OK  [0m] Started Commit a transient machine-id on disk.
[[0;32m  OK  [0m] Started Create Volatile Files and Directories.
         Starting Update UTMP about System Boot/Shutdown...
[[0;32m  OK  [0m] Started Update UTMP about System Boot/Shutdown.
[[0;32m  OK  [0m] Found device /dev/ttyS0.
[[0;32m  OK  [0m] Listening on Load/Save RF Kill Switch Status /dev/rfkill Watch.
[[0;32m  OK  [0m] Started Set console font and keymap.
[[0;32m  OK  [0m] Started LSB: AppArmor initialization.
[    8.294984] cloud-init[508]: Cloud-init v. 21.1-19-gbad84ad4-0ubuntu1~16.04.2 running 'init-local' at Fri, 10 Dec 2021 19:40:59 +0000. Up 7.62 seconds.
[[0;32m  OK  [0m] Started Initial cloud-init job (pre-networking).
[[0;32m  OK  [0m] Reached target Network (Pre).
         Starting Raise network interfaces...
         Starting Load AppArmor profiles managed internally by snapd...
[[0;32m  OK  [0m] Created slice system-getty.slice.
[[0;32m  OK  [0m] Started Load AppArmor profiles managed internally by snapd.
[[0;32m  OK  [0m] Started Raise network interfaces.
[[0;32m  OK  [0m] Reached target Network.
         Starting Initial cloud-init job (metadata service crawler)...
[   10.377191] cloud-init[975]: Cloud-init v. 21.1-19-gbad84ad4-0ubuntu1~16.04.2 running 'init' at Fri, 10 Dec 2021 19:41:01 +0000. Up 9.64 seconds.
[   10.380623] cloud-init[975]: ci-info: ++++++++++++++++++++++++++++++++++++++Net device info+++++++++++++++++++++++++++++++++++++++
[   10.384264] cloud-init[975]: ci-info: +--------+-------+----------------------------+---------------+--------+-------------------+
[   10.387550] cloud-init[975]: ci-info: | Device |   Up  |          Address           |      Mask     | Scope  |     Hw-Address    |
[   10.391090] cloud-init[975]: ci-info: +--------+-------+----------------------------+---------------+--------+-------------------+
[   10.394562] cloud-init[975]: ci-info: | enp0s3 |  True |         10.0.2.15          | 255.255.255.0 | global | 02:be:82:6b:cc:1d |
[   10.398019] cloud-init[975]: ci-info: | enp0s3 |  True | fe80::be:82ff:fe6b:cc1d/64 |       .       |  link  | 02:be:82:6b:cc:1d |
[   10.401468] cloud-init[975]: ci-info: | enp0s8 | False |             .              |       .       |   .    | 08:00:27:66:ae:6d |
[   10.404835] cloud-init[975]: ci-info: |   lo   |  True |         127.0.0.1          |   255.0.0.0   |  host  |         .         |
[   10.408441] cloud-init[975]: ci-info: |   lo   |  True |          ::1/128           |       .       |  host  |         .         |
[   10.414296] cloud-init[975]: ci-info: +--------+-------+----------------------------+---------------+--------+-------------------+
[   10.417769] cloud-init[975]: ci-info: +++++++++++++++++++++++++++Route IPv4 info++++++++++++++++++++++++++++
[   10.420834] cloud-init[975]: ci-info: +-------+-------------+----------+---------------+-----------+-------+
[   10.423883] cloud-init[975]: ci-info: | Route | Destination | Gateway  |    Genmask    | Interface | Flags |
[   10.427078] cloud-init[975]: ci-info: +-------+-------------+----------+---------------+-----------+-------+
[   10.430109] cloud-init[975]: ci-info: |   0   |   0.0.0.0   | 10.0.2.2 |    0.0.0.0    |   enp0s3  |   UG  |
[   10.434016] cloud-init[975]: ci-info: |   1   |   10.0.2.0  | 0.0.0.0  | 255.255.255.0 |   enp0s3  |   U   |
[   10.437298] cloud-init[975]: ci-info: +-------+-------------+----------+---------------+-----------+-------+
[   10.440580] cloud-init[975]: ci-info: +++++++++++++++++++Route IPv6 info+++++++++++++++++++
[   10.443440] cloud-init[975]: ci-info: +-------+-------------+---------+-----------+-------+
[   10.446276] cloud-init[975]: ci-info: | Route | Destination | Gateway | Interface | Flags |
[   10.449128] cloud-init[975]: ci-info: +-------+-------------+---------+-----------+-------+
[   10.452635] cloud-init[975]: ci-info: |   0   |  fe80::/64  |    ::   |   enp0s3  |   U   |
[   10.455545] cloud-init[975]: ci-info: |   3   |   ff00::/8  |    ::   |   enp0s3  |   U   |
[   10.458372] cloud-init[975]: ci-info: +-------+-------------+---------+-----------+-------+
[   10.461474] cloud-init[975]: Generating public/private rsa key pair.
[   10.464536] cloud-init[975]: Your identification has been saved in /etc/ssh/ssh_host_rsa_key.
[   10.468219] cloud-init[975]: Your public key has been saved in /etc/ssh/ssh_host_rsa_key.pub.
[   10.471818] cloud-init[975]: The key fingerprint is:
[   10.474815] cloud-init[975]: SHA256:VPsP+0R8/RI6Ou5NFdobe3Knk2ssFBtkPikH8GF2WpY root@ubuntu-xenial
[   10.479723] cloud-init[975]: The key's randomart image is:
[   10.482657] cloud-init[975]: +---[RSA 2048]----+
[   10.485400] cloud-init[975]: |        ..= +.   |
[   10.488063] cloud-init[975]: |         =.BE    |
[   10.490759] cloud-init[975]: |        . += ..  |[[0;32m  OK  [0m] Started Initial cloud-init job (metadata service crawler).
[[0;32m  OK  [0m] Reached target Network is Online.

[   10.496504] cloud-init[975]: |       .  ..B+ ..|
[   10.498826] cloud-init[975]: |        S  o+=B o|
[   10.501216] cloud-init[975]: |            oB *.|
[   10.503551] cloud-init[975]: |           .=.B.=|
[   10.505938] cloud-init[975]: |          .+.+=*.|
[   10.508338] cloud-init[975]: |         o+..o+o |
[   10.510701] cloud-init[975]: +----[SHA256]-----+         Starting iSCSI initiator daemon (iscsid)...
[[0;32m  OK  [0m] Reached target Cloud-config availability.
[[0;32m  OK  [0m] Reached target System Initialization.
[[0;32m  OK  [0m] Listening on ACPID Listen Socket.

[   10.519398] [[0;32m  OK  [0m] Started ACPI Events Check.
[[0;32m  OK  [0m] Reached target Paths.
[[0;32m  OK  [0m] Started Daily apt download activities.
[[0;32m  OK  [0m] Started Daily Cleanup of Temporary Directories.
[[0;32m  OK  [0m] Started Daily apt upgrade and clean activities.
[[0;32m  OK  [0m] Started Message of the Day.
[[0;32m  OK  [0m] Listening on UUID daemon activation socket.
[[0;32m  OK  [0m] Listening on D-Bus System Message Bus Socket.
[[0;32m  OK  [0m] Started Ubuntu Advantage update messaging.
[[0;32m  OK  [0m] Reached target Timers.
         Starting Socket activation for snappy daemon.
cloud-init         Starting LXD - unix socket.
[[0;32m  OK  [0m] Listening on Socket activation for snappy daemon.
[975]: Generating public/private dsa key pair.
[   10.538728] cloud-init[975]: Your identification has been saved in /etc/ssh/ssh_host_dsa_key.
[[0;32m  OK  [0m] Listening on LXD - unix socket.
[[0;32m  OK  [0m] Reached target Sockets.
[[0;32m  OK  [0m] Reached target Basic System.
         Starting /etc/rc.local Compatibility...
[   10.542488] cloud-init[[0;32m  OK  [0m] Started Regular background program processing daemon.
         Starting Virtualbox guest utils...
[975]: [[0;32m  OK  [0m] Started Deferred execution scheduler.
         Starting LSB: Record successful boot for GRUB...
         Starting Accounts Service...
         Starting Login Service...
Your public key has been saved in /etc/ssh/ssh_host_dsa_key.pub.         Starting LSB: MD monitoring daemon...
         Starting Snap Daemon...
         Starting Pollinate to seed the pseudo random number generator...
         Starting System Logging Service...
[[0;32m  OK  [0m] Started FUSE filesystem for LXC.
[[0;32m  OK  [0m] Started ACPI event daemon.
[[0;32m  OK  [0m] Started D-Bus System Message Bus.

[   10.624718] cloud-init[975]: The key fingerprint is:
[   10.628836] cloud-init[975]: SHA256:AiZ5zxOV2T8Rt4rheOdfMJM3jXxXZZBg37NfmGDwBAs root@ubuntu-xenial
[   10.632501] cloud-init[975]: The key's randomart image is:
[   10.642108] cloud-init[975]: +---[DSA 1024]----+
[   10.644326] cloud-init[975]: |        E+o.=oooo|
[   10.646931] cloud-init[975]: |   .   .o..*.o.+.|
[   10.652398] cloud-init[975]: |  o + .   o.+.o.o|
[   10.655921] cloud-init[975]: |   + + . o +o+ ==|
[   10.658424] cloud-init[975]: |      = S + o.Xo*|
[   10.660929] cloud-init[975]: |       o . o   *=|
[   10.663331] cloud-init[975]: |            .   o|
[   10.666202] cloud-init[975]: |             . . |
[   10.668817] cloud-init[975]: |              .  |
[   10.673320] cloud-init[975]: +----[SHA256]-----+
[   10.675133] cloud-init[975]: Generating public/private ecdsa key pair.
[   10.678274] cloud-init[975]: Your identification has been saved in /etc/ssh/ssh_host_ecdsa_key.
[   10.683515] cloud-init[975]: Your public key has been saved in /etc/ssh/ssh_host_ecdsa_key.pub.
[   10.686997] cloud-init[975]: The key fingerprint is:
[   10.689259] cloud-init[975]: SHA256:JCNr6K5b9p9E+2zxCn8wlFs5WFA3utM5XNFsGF8nG1Q root@ubuntu-xenial
[   10.692343]          Starting LXD - container startup/shutdown...
[[0;32m  OK  [0m] Started System Logging Service.
[[0;32m  OK  [0m] Started /etc/rc.local Compatibility.
cloud-init[975]: The key's randomart image is:
[   10.710805] cloud-init[975]: +---[ECDSA 256]---+
[   10.725133] cloud-init[975]: |        .o. o.**E|
[   10.726931] cloud-init[975]: |          .o ..**|
[   10.739514] cloud-init[975]: |    . o .+..  o..|
[   10.747675] cloud-init[975]: |   . o ++ ++ o   |
[   10.751984]          Starting Authenticate and Authorize Users to Run Privileged Tasks...
cloud-init[[0;32m  OK  [0m] Started LSB: Record successful boot for GRUB.
[[0;32m  OK  [0m] Started iSCSI initiator daemon (iscsid).
[975]: [[0;32m  OK  [0m] Started Login Service.
|  . o ..Soo.=    |
[[0;32m  OK  [0m] Started Unattended Upgrades Shutdown.
[   10.783589]          Starting Login to default iSCSI targets...
cloud-init[975]: | . . . .=  . .   |
[[0;32m  OK  [0m] Started LSB: MD monitoring daemon.
[   10.790097] cloud-init[975]: |  +   +  =       |
[   10.801802] cloud-init[975]: | + . . *. o      |
[[0;32m  OK  [0m] Started Authenticate and Authorize Users to Run Privileged Tasks.
[   10.814131] cloud-init[975]: |oo. ..o.=o       |
[[0;32m  OK  [0m] Started Accounts Service.
[   10.823054] cloud-init[975]: +----[SHA256]-----+
[   10.826810] cloud-init[975]: Generating public/private ed25519 key pair.
[   10.833895] cloud-init[975]: Your identification has been saved in /etc/ssh/ssh_host_ed25519_key.
[   10.841819] cloud-init[975]: Your public key has been saved in /etc/ssh/ssh_host_ed25519_key.pub.
[   10.847751] cloud-init[975]: The key fingerprint is:
[   10.850646] cloud-init[975]: SHA256:9HyuobbhzVKZQyetG0yCxfkx4TwIoiuJX5pmeWD8D8M root@ubuntu-xenial[[0;32m  OK  [0m] Started Login to default iSCSI targets.
[[0;32m  OK  [0m] Reached target Remote File Systems (Pre).
[[0;32m  OK  [0m] Reached target Remote File Systems.
         Starting LSB: Set the CPU Frequency Scaling governor to "ondemand"...
         Starting LSB: automatic crash report generation...

[   10.866524] cloud-init         Starting Permit User Sessions...
[975]: The key's randomart image is:
[   10.872460] cloud-init[975]: +--[ED25519 256]--+
         Starting LSB: daemon to balance interrupts for SMP systems...
[[0;32m  OK  [0m] Started Permit User Sessions.
[   10.888038] [cloud-init[0;32m  OK  [0m[975]: ] |    . .. ...     |Started LXD - container startup/shutdown.

[   10.894680]          Starting Terminate Plymouth Boot Screen...
cloud-init[975]: |   . . .++o      |
         Starting Hold until boot process finishes up...
[   10.903438] cloud-init[975]: |  .    oo.++     |
[[0;32m  OK  [0m] Started Hold until boot process finishes up.
[   10.910255] cloud-init[975]: |.o .  ...o=.o    |
[[0;32m  OK  [0m] Started Serial Getty on ttyS0.
[   10.912710] cloud-init[975]: |+ = .   S=o*.    |
[   10.919336] [[0;32m  OK  [0m] Started Getty on tty1.
[[0;32m  OK  [0m] Reached target Login Prompts.
cloud-init[975]: | + O      Oo     |
[   10.923893]          Starting Set console scheme...
cloud-init[975]: |  B E   ...+.    |
[[0;32m  OK  [0m] Started Terminate Plymouth Boot Screen.
[   10.931921] cloud-init[975]: | o . + .o=.o     |
[[0;32m  OK  [0m] Started Set console scheme.
[   10.938375] cloud-init[975]: |      ..+o+      |
[   10.941564] cloud-init[975]: +----[SHA256]-----+
[[0;32m  OK  [0m] Started LSB: Set the CPU Frequency Scaling governor to "ondemand".
[[0;32m  OK  [0m] Started LSB: daemon to balance interrupts for SMP systems.
[[0;32m  OK  [0m] Started LSB: automatic crash report generation.
[[0;32m  OK  [0m] Started Virtualbox guest utils.
[[0;32m  OK  [0m] Started Snap Daemon.
         Starting Wait until snapd is fully seeded...
[[0;32m  OK  [0m] Started Pollinate to seed the pseudo random number generator.
         Starting OpenBSD Secure Shell server...
[[0;32m  OK  [0m] Started OpenBSD Secure Shell server.
[[0;32m  OK  [0m] Created slice User Slice of vagrant.
         Starting User Manager for UID 1000...
[[0;32m  OK  [0m] Started Session 1 of user vagrant.
[[0;32m  OK  [0m] Started User Manager for UID 1000.
[[0;32m  OK  [0m] Started Wait until snapd is fully seeded.
         Starting Apply the settings specified in cloud-config...
[[0;32m  OK  [0m] Reached target Multi-User System.
[[0;32m  OK  [0m] Reached target Graphical Interface.
         Starting Update UTMP about System Runlevel Changes...
[[0;32m  OK  [0m] Started Update UTMP about System Runlevel Changes.
[   14.555850] cloud-init[1436]: Generating locales (this might take a while)...
         Stopping User Manager for UID 1000...
[[0;32m  OK  [0m] Stopped User Manager for UID 1000.
[[0;32m  OK  [0m] Removed slice User Slice of vagrant.
[[0;32m  OK  [0m] Created slice User Slice of vagrant.
         Starting User Manager for UID 1000...
[[0;32m  OK  [0m] Started Session 2 of user vagrant.
[[0;32m  OK  [0m] Started User Manager for UID 1000.
[   15.815521] cloud-init[1436]:   en_US.UTF-8... done
[   15.818511] cloud-init[1436]: Generation complete.
[   16.369498] cloud-init[1436]: Cloud-init v. 21.1-19-gbad84ad4-0ubuntu1~16.04.2 running 'modules:config' at Fri, 10 Dec 2021 19:41:06 +0000. Up 14.37 seconds.

Ubuntu 16.04.7 LTS ubuntu-xenial ttyS0

ubuntu-xenial login: ci-info: no authorized SSH keys fingerprints found for user ubuntu.
<14>Dec 10 19:41:09 ec2: 
<14>Dec 10 19:41:09 ec2: #############################################################
<14>Dec 10 19:41:09 ec2: -----BEGIN SSH HOST KEY FINGERPRINTS-----
<14>Dec 10 19:41:09 ec2: 1024 SHA256:AiZ5zxOV2T8Rt4rheOdfMJM3jXxXZZBg37NfmGDwBAs root@ubuntu-xenial (DSA)
<14>Dec 10 19:41:09 ec2: 256 SHA256:JCNr6K5b9p9E+2zxCn8wlFs5WFA3utM5XNFsGF8nG1Q root@ubuntu-xenial (ECDSA)
<14>Dec 10 19:41:09 ec2: 256 SHA256:9HyuobbhzVKZQyetG0yCxfkx4TwIoiuJX5pmeWD8D8M root@ubuntu-xenial (ED25519)
<14>Dec 10 19:41:09 ec2: 2048 SHA256:VPsP+0R8/RI6Ou5NFdobe3Knk2ssFBtkPikH8GF2WpY root@ubuntu-xenial (RSA)
<14>Dec 10 19:41:09 ec2: -----END SSH HOST KEY FINGERPRINTS-----
<14>Dec 10 19:41:09 ec2: #############################################################
-----BEGIN SSH HOST KEY KEYS-----
ecdsa-sha2-nistp256 AAAAE2VjZHNhLXNoYTItbmlzdHAyNTYAAAAIbmlzdHAyNTYAAABBBGGve/hxzK2KWAAwP6HqjKa9QFZmN8OJeAfiVpUxEWp0QuCRYriacisO8hZ2sGdhAmeiDxX+BE/ofecLtquUOnY= root@ubuntu-xenial
ssh-ed25519 AAAAC3NzaC1lZDI1NTE5AAAAIAbzH9aCbhuyVZ/TGUMIQHQQDXVoJw9wcxEJT8P4dW4m root@ubuntu-xenial
ssh-rsa AAAAB3NzaC1yc2EAAAADAQABAAABAQCgJdSurmNtdVP+80tue3O9hIGawmZiy5bVaPhCGsG2LYdXDMOVhgAa1XwAduXlo/vQ4ALOAqUWqkBnzQvIRMz7L+cgN0sjgMD9qsV0KocEr7CzJZXhdaEuAAOYP6uaXYSHzC6zqlT2vvOFnlHhoQT6P+tQaK9z7R0dvynLbTI18bY7/QecCOMlzpD6yNMIWx9mUz4aqRdG3BvuEG/0+XMKX3avymVaoHcEbtr7V3u2ZgXwU5YBFk8c5GMCqDqUxEHKj0adLWvBen5PG7kpql/IaG4TsxcSWU0srKUtkC+I1npzqQEI3JaM9InXK3rTYtpyf8dlqq8d2IBeRSH6oWzp root@ubuntu-xenial
-----END SSH HOST KEY KEYS-----
[   17.232339] cloud-init[1675]: Cloud-init v. 21.1-19-gbad84ad4-0ubuntu1~16.04.2 running 'modules:final' at Fri, 10 Dec 2021 19:41:09 +0000. Up 16.95 seconds.
[   17.232851] cloud-init[1675]: ci-info: no authorized SSH keys fingerprints found for user ubuntu.
[   17.233677] cloud-init[1675]: Cloud-init v. 21.1-19-gbad84ad4-0ubuntu1~16.04.2 finished at Fri, 10 Dec 2021 19:41:09 +0000. Datasource DataSourceNoCloud [seed=/dev/sdb][dsmode=net].  Up 17.22 seconds
